<?xml version="1.0" encoding="UTF-8"?>
<testng-results ignored="0" total="1" passed="1" failed="0" skipped="0">
  <reporter-output>
  </reporter-output>
  <suite started-at="2025-03-21T14:34:15 IST" name="Default suite" finished-at="2025-03-21T14:34:31 IST" duration-ms="15559">
    <groups>
    </groups>
    <test started-at="2025-03-21T14:34:15 IST" name="Default test" finished-at="2025-03-21T14:34:31 IST" duration-ms="15559">
      <class name="testcases.Login">
        <test-method is-config="true" signature="setup()[pri:0, instance:testcases.Login@56673b2c]" started-at="2025-03-21T14:34:15 IST" name="setup" finished-at="2025-03-21T14:34:20 IST" duration-ms="4652" status="PASS">
          <reporter-output>
          </reporter-output>
        </test-method> <!-- setup -->
        <test-method signature="value()[pri:0, instance:testcases.Login@56673b2c]" started-at="2025-03-21T14:34:20 IST" name="value" finished-at="2025-03-21T14:34:26 IST" duration-ms="5590" status="PASS">
          <reporter-output>
          </reporter-output>
        </test-method> <!-- value -->
        <test-method is-config="true" signature="tearDown()[pri:0, instance:testcases.Login@56673b2c]" started-at="2025-03-21T14:34:26 IST" name="tearDown" finished-at="2025-03-21T14:34:31 IST" duration-ms="5244" status="PASS">
          <reporter-output>
          </reporter-output>
        </test-method> <!-- tearDown -->
      </class> <!-- testcases.Login -->
    </test> <!-- Default test -->
  </suite> <!-- Default suite -->
</testng-results>
