<?xml version="1.0" encoding="UTF-8"?>
<testng-results ignored="0" total="37" passed="36" failed="1" skipped="0">
  <reporter-output>
  </reporter-output>
  <suite started-at="2025-06-11T16:33:38 IST" name="Togile" finished-at="2025-06-11T16:43:56 IST" duration-ms="617820">
    <groups>
    </groups>
    <test started-at="2025-06-11T16:33:38 IST" name="Login" finished-at="2025-06-11T16:43:56 IST" duration-ms="617820">
      <class name="testcases.Deals">
        <test-method is-config="true" signature="setup()[pri:0, instance:testcases.Deals@7efaad5a]" started-at="2025-06-11T16:36:06 IST" name="setup" finished-at="2025-06-11T16:36:08 IST" duration-ms="1434" status="PASS">
          <reporter-output>
          </reporter-output>
        </test-method> <!-- setup -->
        <test-method signature="login()[pri:0, instance:testcases.Deals@7efaad5a]" started-at="2025-06-11T16:36:08 IST" name="login" finished-at="2025-06-11T16:36:12 IST" duration-ms="4516" status="PASS">
          <reporter-output>
          </reporter-output>
        </test-method> <!-- login -->
        <test-method signature="smartview()[pri:1, instance:testcases.Deals@7efaad5a]" started-at="2025-06-11T16:36:12 IST" name="smartview" finished-at="2025-06-11T16:36:18 IST" duration-ms="5764" status="PASS">
          <reporter-output>
          </reporter-output>
        </test-method> <!-- smartview -->
        <test-method signature="searchbar()[pri:2, instance:testcases.Deals@7efaad5a]" started-at="2025-06-11T16:36:18 IST" name="searchbar" finished-at="2025-06-11T16:36:22 IST" duration-ms="3514" status="PASS">
          <reporter-output>
          </reporter-output>
        </test-method> <!-- searchbar -->
        <test-method signature="columnselector()[pri:3, instance:testcases.Deals@7efaad5a]" started-at="2025-06-11T16:36:22 IST" name="columnselector" finished-at="2025-06-11T16:36:31 IST" duration-ms="9002" status="PASS">
          <reporter-output>
          </reporter-output>
        </test-method> <!-- columnselector -->
        <test-method signature="adddeal()[pri:5, instance:testcases.Deals@7efaad5a]" started-at="2025-06-11T16:36:31 IST" name="adddeal" finished-at="2025-06-11T16:36:38 IST" duration-ms="7162" status="PASS">
          <reporter-output>
          </reporter-output>
        </test-method> <!-- adddeal -->
        <test-method signature="sorting()[pri:6, instance:testcases.Deals@7efaad5a]" started-at="2025-06-11T16:36:38 IST" name="sorting" finished-at="2025-06-11T16:37:54 IST" duration-ms="75713" status="PASS">
          <reporter-output>
          </reporter-output>
        </test-method> <!-- sorting -->
        <test-method signature="draganddrop()[pri:7, instance:testcases.Deals@7efaad5a]" started-at="2025-06-11T16:37:54 IST" name="draganddrop" finished-at="2025-06-11T16:37:56 IST" duration-ms="2283" status="PASS">
          <reporter-output>
          </reporter-output>
        </test-method> <!-- draganddrop -->
        <test-method signature="bulkactions()[pri:8, instance:testcases.Deals@7efaad5a]" started-at="2025-06-11T16:37:56 IST" name="bulkactions" finished-at="2025-06-11T16:38:53 IST" duration-ms="57200" status="PASS">
          <reporter-output>
          </reporter-output>
        </test-method> <!-- bulkactions -->
        <test-method is-config="true" signature="tearDown()[pri:0, instance:testcases.Deals@7efaad5a]" started-at="2025-06-11T16:38:53 IST" name="tearDown" finished-at="2025-06-11T16:38:58 IST" duration-ms="5225" status="PASS">
          <reporter-output>
          </reporter-output>
        </test-method> <!-- tearDown -->
      </class> <!-- testcases.Deals -->
      <class name="testcases.Leads">
        <test-method is-config="true" signature="setup()[pri:0, instance:testcases.Leads@6cce16f4]" started-at="2025-06-11T16:34:21 IST" name="setup" finished-at="2025-06-11T16:34:22 IST" duration-ms="1651" status="PASS">
          <reporter-output>
          </reporter-output>
        </test-method> <!-- setup -->
        <test-method signature="login()[pri:0, instance:testcases.Leads@6cce16f4]" started-at="2025-06-11T16:34:22 IST" name="login" finished-at="2025-06-11T16:34:27 IST" duration-ms="5196" status="PASS">
          <reporter-output>
          </reporter-output>
        </test-method> <!-- login -->
        <test-method signature="smartview()[pri:1, instance:testcases.Leads@6cce16f4]" started-at="2025-06-11T16:34:27 IST" name="smartview" finished-at="2025-06-11T16:34:32 IST" duration-ms="4968" status="PASS">
          <reporter-output>
          </reporter-output>
        </test-method> <!-- smartview -->
        <test-method signature="searchbar()[pri:2, instance:testcases.Leads@6cce16f4]" started-at="2025-06-11T16:34:32 IST" name="searchbar" finished-at="2025-06-11T16:34:35 IST" duration-ms="2944" status="PASS">
          <reporter-output>
          </reporter-output>
        </test-method> <!-- searchbar -->
        <test-method signature="columnselector()[pri:3, instance:testcases.Leads@6cce16f4]" started-at="2025-06-11T16:34:35 IST" name="columnselector" finished-at="2025-06-11T16:34:45 IST" duration-ms="9556" status="PASS">
          <reporter-output>
          </reporter-output>
        </test-method> <!-- columnselector -->
        <test-method signature="refreshbutton()[pri:4, instance:testcases.Leads@6cce16f4]" started-at="2025-06-11T16:34:45 IST" name="refreshbutton" finished-at="2025-06-11T16:34:46 IST" duration-ms="634" status="PASS">
          <reporter-output>
          </reporter-output>
        </test-method> <!-- refreshbutton -->
        <test-method signature="addlead()[pri:5, instance:testcases.Leads@6cce16f4]" started-at="2025-06-11T16:34:46 IST" name="addlead" finished-at="2025-06-11T16:34:52 IST" duration-ms="6714" status="PASS">
          <reporter-output>
          </reporter-output>
        </test-method> <!-- addlead -->
        <test-method signature="sorting()[pri:6, instance:testcases.Leads@6cce16f4]" started-at="2025-06-11T16:34:52 IST" name="sorting" finished-at="2025-06-11T16:35:46 IST" duration-ms="53550" status="PASS">
          <reporter-output>
          </reporter-output>
        </test-method> <!-- sorting -->
        <test-method signature="draganddrop()[pri:7, instance:testcases.Leads@6cce16f4]" started-at="2025-06-11T16:35:46 IST" name="draganddrop" finished-at="2025-06-11T16:35:48 IST" duration-ms="1925" status="PASS">
          <reporter-output>
          </reporter-output>
        </test-method> <!-- draganddrop -->
        <test-method signature="bulkactions()[pri:8, instance:testcases.Leads@6cce16f4]" started-at="2025-06-11T16:35:48 IST" name="bulkactions" finished-at="2025-06-11T16:36:01 IST" duration-ms="13488" status="FAIL">
          <exception class="org.openqa.selenium.TimeoutException">
            <message>
              <![CDATA[Expected condition failed: waiting for visibility of element located by By.xpath: //div[@class='btn-close'] (tried for 10 second(s) with 500 milliseconds interval)
Build info: version: '4.27.0', revision: 'd6e718d134'
System info: os.name: 'Windows 10', os.arch: 'amd64', os.version: '10.0', java.version: '17.0.12'
Driver info: org.openqa.selenium.chrome.ChromeDriver
Capabilities {acceptInsecureCerts: false, browserName: chrome, browserVersion: 137.0.7151.69, chrome: {chromedriverVersion: 137.0.7151.70 (dfa4dc56b2ab..., userDataDir: C:\Users\Admin\AppData\Loca...}, fedcm:accounts: true, goog:chromeOptions: {debuggerAddress: localhost:60479}, networkConnectionEnabled: false, pageLoadStrategy: normal, platformName: windows, proxy: Proxy(), se:cdp: ws://localhost:60479/devtoo..., se:cdpVersion: 137.0.7151.69, setWindowRect: true, strictFileInteractability: false, timeouts: {implicit: 0, pageLoad: 300000, script: 30000}, unhandledPromptBehavior: dismiss and notify, webauthn:extension:credBlob: true, webauthn:extension:largeBlob: true, webauthn:extension:minPinLength: true, webauthn:extension:prf: true, webauthn:virtualAuthenticators: true}
Session ID: 0bd6b00f858d7c384e04f5ef51373b8a]]>
            </message>
            <full-stacktrace>
              <![CDATA[org.openqa.selenium.TimeoutException: Expected condition failed: waiting for visibility of element located by By.xpath: //div[@class='btn-close'] (tried for 10 second(s) with 500 milliseconds interval)
Build info: version: '4.27.0', revision: 'd6e718d134'
System info: os.name: 'Windows 10', os.arch: 'amd64', os.version: '10.0', java.version: '17.0.12'
Driver info: org.openqa.selenium.chrome.ChromeDriver
Capabilities {acceptInsecureCerts: false, browserName: chrome, browserVersion: 137.0.7151.69, chrome: {chromedriverVersion: 137.0.7151.70 (dfa4dc56b2ab..., userDataDir: C:\Users\Admin\AppData\Loca...}, fedcm:accounts: true, goog:chromeOptions: {debuggerAddress: localhost:60479}, networkConnectionEnabled: false, pageLoadStrategy: normal, platformName: windows, proxy: Proxy(), se:cdp: ws://localhost:60479/devtoo..., se:cdpVersion: 137.0.7151.69, setWindowRect: true, strictFileInteractability: false, timeouts: {implicit: 0, pageLoad: 300000, script: 30000}, unhandledPromptBehavior: dismiss and notify, webauthn:extension:credBlob: true, webauthn:extension:largeBlob: true, webauthn:extension:minPinLength: true, webauthn:extension:prf: true, webauthn:virtualAuthenticators: true}
Session ID: 0bd6b00f858d7c384e04f5ef51373b8a
at org.openqa.selenium.support.ui.WebDriverWait.timeoutException(WebDriverWait.java:84)
at org.openqa.selenium.support.ui.FluentWait.until(FluentWait.java:228)
at testcases.Leads.bulkactions(Leads.java:756)
at java.base/jdk.internal.reflect.NativeMethodAccessorImpl.invoke0(Native Method)
at java.base/jdk.internal.reflect.NativeMethodAccessorImpl.invoke(NativeMethodAccessorImpl.java:77)
at java.base/jdk.internal.reflect.DelegatingMethodAccessorImpl.invoke(DelegatingMethodAccessorImpl.java:43)
at java.base/java.lang.reflect.Method.invoke(Method.java:568)
at org.testng.internal.invokers.MethodInvocationHelper.invokeMethod(MethodInvocationHelper.java:141)
at org.testng.internal.invokers.TestInvoker.invokeMethod(TestInvoker.java:686)
at org.testng.internal.invokers.TestInvoker.invokeTestMethod(TestInvoker.java:230)
at org.testng.internal.invokers.MethodRunner.runInSequence(MethodRunner.java:63)
at org.testng.internal.invokers.TestInvoker$MethodInvocationAgent.invoke(TestInvoker.java:992)
at org.testng.internal.invokers.TestInvoker.invokeTestMethods(TestInvoker.java:203)
at org.testng.internal.invokers.TestMethodWorker.invokeTestMethods(TestMethodWorker.java:154)
at org.testng.internal.invokers.TestMethodWorker.run(TestMethodWorker.java:134)
at java.base/java.util.ArrayList.forEach(ArrayList.java:1511)
at org.testng.TestRunner.privateRun(TestRunner.java:739)
at org.testng.TestRunner.run(TestRunner.java:614)
at org.testng.SuiteRunner.runTest(SuiteRunner.java:421)
at org.testng.SuiteRunner.runSequentially(SuiteRunner.java:413)
at org.testng.SuiteRunner.privateRun(SuiteRunner.java:373)
at org.testng.SuiteRunner.run(SuiteRunner.java:312)
at org.testng.SuiteRunnerWorker.runSuite(SuiteRunnerWorker.java:52)
at org.testng.SuiteRunnerWorker.run(SuiteRunnerWorker.java:95)
at org.testng.TestNG.runSuitesSequentially(TestNG.java:1274)
at org.testng.TestNG.runSuitesLocally(TestNG.java:1208)
at org.testng.TestNG.runSuites(TestNG.java:1112)
at org.testng.TestNG.run(TestNG.java:1079)
at org.testng.remote.AbstractRemoteTestNG.run(AbstractRemoteTestNG.java:115)
at org.testng.remote.RemoteTestNG.initAndRun(RemoteTestNG.java:293)
at org.testng.remote.RemoteTestNG.main(RemoteTestNG.java:91)
]]>
            </full-stacktrace>
          </exception> <!-- org.openqa.selenium.TimeoutException -->
          <reporter-output>
          </reporter-output>
        </test-method> <!-- bulkactions -->
        <test-method is-config="true" signature="tearDown()[pri:0, instance:testcases.Leads@6cce16f4]" started-at="2025-06-11T16:36:01 IST" name="tearDown" finished-at="2025-06-11T16:36:06 IST" duration-ms="5213" status="PASS">
          <reporter-output>
          </reporter-output>
        </test-method> <!-- tearDown -->
      </class> <!-- testcases.Leads -->
      <class name="testcases.Login">
        <test-method is-config="true" signature="setup()[pri:0, instance:testcases.Login@78641d23]" started-at="2025-06-11T16:33:38 IST" name="setup" finished-at="2025-06-11T16:33:40 IST" duration-ms="1976" status="PASS">
          <reporter-output>
          </reporter-output>
        </test-method> <!-- setup -->
        <test-method signature="loginpage()[pri:0, instance:testcases.Login@78641d23]" started-at="2025-06-11T16:33:40 IST" name="loginpage" finished-at="2025-06-11T16:33:43 IST" duration-ms="2607" status="PASS">
          <reporter-output>
          </reporter-output>
        </test-method> <!-- loginpage -->
        <test-method is-config="true" signature="tearDown()[pri:0, instance:testcases.Login@78641d23]" started-at="2025-06-11T16:33:43 IST" name="tearDown" finished-at="2025-06-11T16:33:48 IST" duration-ms="5214" status="PASS">
          <reporter-output>
          </reporter-output>
        </test-method> <!-- tearDown -->
      </class> <!-- testcases.Login -->
      <class name="testcases.Signup">
        <test-method is-config="true" signature="setup()[pri:0, instance:testcases.Signup@1869fbd2]" started-at="2025-06-11T16:33:48 IST" name="setup" finished-at="2025-06-11T16:33:50 IST" duration-ms="1517" status="PASS">
          <reporter-output>
          </reporter-output>
        </test-method> <!-- setup -->
        <test-method signature="signuppage()[pri:0, instance:testcases.Signup@1869fbd2]" started-at="2025-06-11T16:33:50 IST" name="signuppage" finished-at="2025-06-11T16:34:15 IST" duration-ms="25698" status="PASS">
          <reporter-output>
          </reporter-output>
        </test-method> <!-- signuppage -->
        <test-method is-config="true" signature="tearDown()[pri:0, instance:testcases.Signup@1869fbd2]" started-at="2025-06-11T16:34:15 IST" name="tearDown" finished-at="2025-06-11T16:34:21 IST" duration-ms="5204" status="PASS">
          <reporter-output>
          </reporter-output>
        </test-method> <!-- tearDown -->
      </class> <!-- testcases.Signup -->
      <class name="testcases.Company">
        <test-method is-config="true" signature="setup()[pri:0, instance:testcases.Company@ca30bc1]" started-at="2025-06-11T16:41:23 IST" name="setup" finished-at="2025-06-11T16:41:25 IST" duration-ms="1695" status="PASS">
          <reporter-output>
          </reporter-output>
        </test-method> <!-- setup -->
        <test-method signature="login()[pri:0, instance:testcases.Company@ca30bc1]" started-at="2025-06-11T16:41:25 IST" name="login" finished-at="2025-06-11T16:41:30 IST" duration-ms="4961" status="PASS">
          <reporter-output>
          </reporter-output>
        </test-method> <!-- login -->
        <test-method signature="smartview()[pri:1, instance:testcases.Company@ca30bc1]" started-at="2025-06-11T16:41:30 IST" name="smartview" finished-at="2025-06-11T16:41:34 IST" duration-ms="4328" status="PASS">
          <reporter-output>
          </reporter-output>
        </test-method> <!-- smartview -->
        <test-method signature="searchbar()[pri:2, instance:testcases.Company@ca30bc1]" started-at="2025-06-11T16:41:34 IST" name="searchbar" finished-at="2025-06-11T16:41:58 IST" duration-ms="23757" status="PASS">
          <reporter-output>
          </reporter-output>
        </test-method> <!-- searchbar -->
        <test-method signature="columnselector()[pri:3, instance:testcases.Company@ca30bc1]" started-at="2025-06-11T16:41:58 IST" name="columnselector" finished-at="2025-06-11T16:42:07 IST" duration-ms="8874" status="PASS">
          <reporter-output>
          </reporter-output>
        </test-method> <!-- columnselector -->
        <test-method signature="refreshbutton()[pri:4, instance:testcases.Company@ca30bc1]" started-at="2025-06-11T16:42:07 IST" name="refreshbutton" finished-at="2025-06-11T16:42:09 IST" duration-ms="1714" status="PASS">
          <reporter-output>
          </reporter-output>
        </test-method> <!-- refreshbutton -->
        <test-method signature="addcompany()[pri:5, instance:testcases.Company@ca30bc1]" started-at="2025-06-11T16:42:09 IST" name="addcompany" finished-at="2025-06-11T16:42:14 IST" duration-ms="5720" status="PASS">
          <reporter-output>
          </reporter-output>
        </test-method> <!-- addcompany -->
        <test-method signature="sorting()[pri:6, instance:testcases.Company@ca30bc1]" started-at="2025-06-11T16:42:14 IST" name="sorting" finished-at="2025-06-11T16:42:37 IST" duration-ms="22151" status="PASS">
          <reporter-output>
          </reporter-output>
        </test-method> <!-- sorting -->
        <test-method signature="draganddrop()[pri:7, instance:testcases.Company@ca30bc1]" started-at="2025-06-11T16:42:37 IST" name="draganddrop" finished-at="2025-06-11T16:42:38 IST" duration-ms="1526" status="PASS">
          <reporter-output>
          </reporter-output>
        </test-method> <!-- draganddrop -->
        <test-method signature="bulkactions()[pri:8, instance:testcases.Company@ca30bc1]" started-at="2025-06-11T16:42:38 IST" name="bulkactions" finished-at="2025-06-11T16:43:51 IST" duration-ms="72771" status="PASS">
          <reporter-output>
          </reporter-output>
        </test-method> <!-- bulkactions -->
        <test-method is-config="true" signature="tearDown()[pri:0, instance:testcases.Company@ca30bc1]" started-at="2025-06-11T16:43:51 IST" name="tearDown" finished-at="2025-06-11T16:43:56 IST" duration-ms="5235" status="PASS">
          <reporter-output>
          </reporter-output>
        </test-method> <!-- tearDown -->
      </class> <!-- testcases.Company -->
      <class name="testcases.Contact">
        <test-method is-config="true" signature="setup()[pri:0, instance:testcases.Contact@291a7e3c]" started-at="2025-06-11T16:38:58 IST" name="setup" finished-at="2025-06-11T16:39:00 IST" duration-ms="1622" status="PASS">
          <reporter-output>
          </reporter-output>
        </test-method> <!-- setup -->
        <test-method signature="login()[pri:0, instance:testcases.Contact@291a7e3c]" started-at="2025-06-11T16:39:00 IST" name="login" finished-at="2025-06-11T16:39:04 IST" duration-ms="4543" status="PASS">
          <reporter-output>
          </reporter-output>
        </test-method> <!-- login -->
        <test-method signature="smartview()[pri:1, instance:testcases.Contact@291a7e3c]" started-at="2025-06-11T16:39:04 IST" name="smartview" finished-at="2025-06-11T16:39:09 IST" duration-ms="4357" status="PASS">
          <reporter-output>
          </reporter-output>
        </test-method> <!-- smartview -->
        <test-method signature="searchbar()[pri:2, instance:testcases.Contact@291a7e3c]" started-at="2025-06-11T16:39:09 IST" name="searchbar" finished-at="2025-06-11T16:39:13 IST" duration-ms="3827" status="PASS">
          <reporter-output>
          </reporter-output>
        </test-method> <!-- searchbar -->
        <test-method signature="columnselector()[pri:3, instance:testcases.Contact@291a7e3c]" started-at="2025-06-11T16:39:13 IST" name="columnselector" finished-at="2025-06-11T16:39:22 IST" duration-ms="9235" status="PASS">
          <reporter-output>
          </reporter-output>
        </test-method> <!-- columnselector -->
        <test-method signature="refreshbutton()[pri:4, instance:testcases.Contact@291a7e3c]" started-at="2025-06-11T16:39:22 IST" name="refreshbutton" finished-at="2025-06-11T16:39:22 IST" duration-ms="551" status="PASS">
          <reporter-output>
          </reporter-output>
        </test-method> <!-- refreshbutton -->
        <test-method signature="addcontact()[pri:5, instance:testcases.Contact@291a7e3c]" started-at="2025-06-11T16:39:22 IST" name="addcontact" finished-at="2025-06-11T16:39:29 IST" duration-ms="6259" status="PASS">
          <reporter-output>
          </reporter-output>
        </test-method> <!-- addcontact -->
        <test-method signature="sorting()[pri:6, instance:testcases.Contact@291a7e3c]" started-at="2025-06-11T16:39:29 IST" name="sorting" finished-at="2025-06-11T16:40:04 IST" duration-ms="35100" status="PASS">
          <reporter-output>
          </reporter-output>
        </test-method> <!-- sorting -->
        <test-method signature="draganddrop()[pri:7, instance:testcases.Contact@291a7e3c]" started-at="2025-06-11T16:40:04 IST" name="draganddrop" finished-at="2025-06-11T16:40:06 IST" duration-ms="1837" status="PASS">
          <reporter-output>
          </reporter-output>
        </test-method> <!-- draganddrop -->
        <test-method signature="bulkactions()[pri:8, instance:testcases.Contact@291a7e3c]" started-at="2025-06-11T16:40:06 IST" name="bulkactions" finished-at="2025-06-11T16:41:18 IST" duration-ms="72537" status="PASS">
          <reporter-output>
          </reporter-output>
        </test-method> <!-- bulkactions -->
        <test-method is-config="true" signature="tearDown()[pri:0, instance:testcases.Contact@291a7e3c]" started-at="2025-06-11T16:41:18 IST" name="tearDown" finished-at="2025-06-11T16:41:23 IST" duration-ms="5221" status="PASS">
          <reporter-output>
          </reporter-output>
        </test-method> <!-- tearDown -->
      </class> <!-- testcases.Contact -->
    </test> <!-- Login -->
  </suite> <!-- Togile -->
</testng-results>
