<?xml version="1.0" encoding="UTF-8"?>
<!-- Generated by org.testng.reporters.JUnitXMLReporter -->
<testsuite ignored="0" hostname="DESKTOP-SISF0E9" failures="0" tests="3" name="Default test" time="22.839" errors="0" timestamp="2025-06-11T16:29:40 IST">
  <testcase classname="testcases.LoginpageNegativeTestcase" name="login" time="4.488"/>
  <testcase classname="testcases.LoginpageNegativeTestcase" name="delete" time="6.304"/>
  <testcase classname="testcases.LoginpageNegativeTestcase" name="addcompany" time="4.873"/>
</testsuite> <!-- Default test -->
